c:\users\trana\desktop\gitylidar\build\ydlidar_driver.dir\debug\vc141.pdb
c:\users\trana\desktop\gitylidar\build\ydlidar_driver.dir\debug\list_ports_win.obj
c:\users\trana\desktop\gitylidar\build\ydlidar_driver.dir\debug\win_serial.obj
c:\users\trana\desktop\gitylidar\build\ydlidar_driver.dir\debug\serial.obj
c:\users\trana\desktop\gitylidar\build\ydlidar_driver.dir\debug\win_timer.obj
c:\users\trana\desktop\gitylidar\build\ydlidar_driver.dir\debug\ydlidar_driver.obj
c:\users\trana\desktop\gitylidar\build\ydlidar_driver.dir\debug\convertutf.obj
c:\users\trana\desktop\gitylidar\build\cmakefiles\generate.stamp
c:\users\trana\desktop\gitylidar\build\debug\ydlidar_driver.ilk
c:\users\trana\desktop\gitylidar\build\debug\ydlidar_driver.dll
c:\users\trana\desktop\gitylidar\build\debug\ydlidar_driver.pdb
c:\users\trana\desktop\gitylidar\build\ydlidar_driver.dir\debug\ydlidar_driver.tlog\cl.command.1.tlog
c:\users\trana\desktop\gitylidar\build\ydlidar_driver.dir\debug\ydlidar_driver.tlog\cl.read.1.tlog
c:\users\trana\desktop\gitylidar\build\ydlidar_driver.dir\debug\ydlidar_driver.tlog\cl.write.1.tlog
c:\users\trana\desktop\gitylidar\build\ydlidar_driver.dir\debug\ydlidar_driver.tlog\custombuild.command.1.tlog
c:\users\trana\desktop\gitylidar\build\ydlidar_driver.dir\debug\ydlidar_driver.tlog\custombuild.read.1.tlog
c:\users\trana\desktop\gitylidar\build\ydlidar_driver.dir\debug\ydlidar_driver.tlog\custombuild.write.1.tlog
c:\users\trana\desktop\gitylidar\build\ydlidar_driver.dir\debug\ydlidar_driver.tlog\link.command.1.tlog
c:\users\trana\desktop\gitylidar\build\ydlidar_driver.dir\debug\ydlidar_driver.tlog\link.read.1.tlog
c:\users\trana\desktop\gitylidar\build\ydlidar_driver.dir\debug\ydlidar_driver.tlog\link.write.1.tlog
c:\users\trana\desktop\gitylidar\build\ydlidar_driver.dir\debug\ydlidar_driver.tlog\ydlidar_driver.write.1u.tlog
